[ 18983.364] _XSERVTransSocketUNIXCreateListener: ...SocketCreateListener() failed
[ 18983.364] _XSERVTransMakeAllCOTSServerListeners: server already running
[ 18983.365] (--) Log file renamed from "/home/blank/.local/share/xorg/Xorg.pid-3852.log" to "/home/blank/.local/share/xorg/Xorg.1.log"
[ 18983.365] 
X.Org X Server 1.19.2
Release Date: 2017-03-02
[ 18983.365] X Protocol Version 11, Revision 0
[ 18983.365] Build Operating System: Linux 4.9.0-3-amd64 x86_64 Debian
[ 18983.365] Current Operating System: Linux debian 4.9.0-3-amd64 #1 SMP Debian 4.9.30-2+deb9u3 (2017-08-06) x86_64
[ 18983.365] Kernel command line: BOOT_IMAGE=/boot/vmlinuz-4.9.0-3-amd64 root=UUID=360bea56-d44c-43d4-b8a6-0ecfd7a20e96 ro quiet
[ 18983.365] Build Date: 07 July 2017  06:14:06AM
[ 18983.365] xorg-server 2:1.19.2-1+deb9u1 (https://www.debian.org/support) 
[ 18983.365] Current version of pixman: 0.34.0
[ 18983.365] 	Before reporting problems, check http://wiki.x.org
	to make sure that you have the latest version.
[ 18983.365] Markers: (--) probed, (**) from config file, (==) default setting,
	(++) from command line, (!!) notice, (II) informational,
	(WW) warning, (EE) error, (NI) not implemented, (??) unknown.
[ 18983.365] (==) Log file: "/home/blank/.local/share/xorg/Xorg.1.log", Time: Thu Aug 10 17:54:12 2017
[ 18983.365] (==) Using system config directory "/usr/share/X11/xorg.conf.d"
[ 18983.366] (==) No Layout section.  Using the first Screen section.
[ 18983.366] (==) No screen section available. Using defaults.
[ 18983.366] (**) |-->Screen "Default Screen Section" (0)
[ 18983.366] (**) |   |-->Monitor "<default monitor>"
[ 18983.366] (==) No monitor specified for screen "Default Screen Section".
	Using a default monitor configuration.
[ 18983.366] (==) Automatically adding devices
[ 18983.366] (==) Automatically enabling devices
[ 18983.366] (==) Automatically adding GPU devices
[ 18983.366] (==) Max clients allowed: 256, resource mask: 0x1fffff
[ 18983.366] (WW) The directory "/usr/share/fonts/X11/cyrillic" does not exist.
[ 18983.366] 	Entry deleted from font path.
[ 18983.366] (==) FontPath set to:
	/usr/share/fonts/X11/misc,
	/usr/share/fonts/X11/100dpi/:unscaled,
	/usr/share/fonts/X11/75dpi/:unscaled,
	/usr/share/fonts/X11/Type1,
	/usr/share/fonts/X11/100dpi,
	/usr/share/fonts/X11/75dpi,
	built-ins
[ 18983.366] (==) ModulePath set to "/usr/lib/xorg/modules"
[ 18983.366] (II) The server relies on udev to provide the list of input devices.
	If no devices become available, reconfigure udev or disable AutoAddDevices.
[ 18983.366] (II) Loader magic: 0x55b7ea859e00
[ 18983.366] (II) Module ABI versions:
[ 18983.366] 	X.Org ANSI C Emulation: 0.4
[ 18983.366] 	X.Org Video Driver: 23.0
[ 18983.366] 	X.Org XInput driver : 24.1
[ 18983.366] 	X.Org Server Extension : 10.0
[ 18983.367] (++) using VT number 3

[ 18983.368] (II) systemd-logind: took control of session /org/freedesktop/login1/session/_310
[ 18983.369] (II) xfree86: Adding drm device (/dev/dri/card0)
[ 18983.369] (II) systemd-logind: got fd for /dev/dri/card0 226:0 fd 13 paused 0
[ 18983.380] (--) PCI:*(0:0:15:0) 15ad:0405:15ad:0405 rev 0, Mem @ 0xe8000000/134217728, 0xfe000000/8388608, I/O @ 0x00001070/16, BIOS @ 0x????????/131072
[ 18983.380] (II) LoadModule: "glx"
[ 18983.380] (II) Loading /usr/lib/xorg/modules/extensions/libglx.so
[ 18983.382] (II) Module glx: vendor="X.Org Foundation"
[ 18983.382] 	compiled for 1.19.2, module version = 1.0.0
[ 18983.382] 	ABI class: X.Org Server Extension, version 10.0
[ 18983.382] (==) Matched vmware as autoconfigured driver 0
[ 18983.382] (==) Matched vmware as autoconfigured driver 1
[ 18983.382] (==) Matched modesetting as autoconfigured driver 2
[ 18983.382] (==) Matched fbdev as autoconfigured driver 3
[ 18983.382] (==) Matched vesa as autoconfigured driver 4
[ 18983.382] (==) Assigned the driver to the xf86ConfigLayout
[ 18983.382] (II) LoadModule: "vmware"
[ 18983.383] (II) Loading /usr/lib/xorg/modules/drivers/vmware_drv.so
[ 18983.403] (II) Module vmware: vendor="X.Org Foundation"
[ 18983.403] 	compiled for 1.19.0, module version = 13.2.1
[ 18983.403] 	Module class: X.Org Video Driver
[ 18983.403] 	ABI class: X.Org Video Driver, version 23.0
[ 18983.403] (II) LoadModule: "modesetting"
[ 18983.403] (II) Loading /usr/lib/xorg/modules/drivers/modesetting_drv.so
[ 18983.403] (II) Module modesetting: vendor="X.Org Foundation"
[ 18983.403] 	compiled for 1.19.2, module version = 1.19.2
[ 18983.403] 	Module class: X.Org Video Driver
[ 18983.403] 	ABI class: X.Org Video Driver, version 23.0
[ 18983.403] (II) LoadModule: "fbdev"
[ 18983.403] (II) Loading /usr/lib/xorg/modules/drivers/fbdev_drv.so
[ 18983.403] (II) Module fbdev: vendor="X.Org Foundation"
[ 18983.403] 	compiled for 1.19.0, module version = 0.4.4
[ 18983.403] 	Module class: X.Org Video Driver
[ 18983.403] 	ABI class: X.Org Video Driver, version 23.0
[ 18983.403] (II) LoadModule: "vesa"
[ 18983.403] (II) Loading /usr/lib/xorg/modules/drivers/vesa_drv.so
[ 18983.404] (II) Module vesa: vendor="X.Org Foundation"
[ 18983.404] 	compiled for 1.19.0, module version = 2.3.4
[ 18983.404] 	Module class: X.Org Video Driver
[ 18983.404] 	ABI class: X.Org Video Driver, version 23.0
[ 18983.404] (II) vmware: driver for VMware SVGA: vmware0405, vmware0710
[ 18983.404] (II) modesetting: Driver for Modesetting Kernel Drivers: kms
[ 18983.404] (II) FBDEV: driver for framebuffer: fbdev
[ 18983.404] (II) VESA: driver for VESA chipsets: vesa
[ 18983.404] xf86EnableIOPorts: failed to set IOPL for I/O (Operation not permitted)
[ 18983.404] (WW) Falling back to old probe method for modesetting
[ 18983.404] (WW) Falling back to old probe method for fbdev
[ 18983.404] (II) Loading sub module "fbdevhw"
[ 18983.404] (II) LoadModule: "fbdevhw"
[ 18983.404] (II) Loading /usr/lib/xorg/modules/libfbdevhw.so
[ 18983.404] (II) Module fbdevhw: vendor="X.Org Foundation"
[ 18983.404] 	compiled for 1.19.2, module version = 0.0.2
[ 18983.404] 	ABI class: X.Org Video Driver, version 23.0
[ 18983.404] (WW) Falling back to old probe method for vesa
[ 18983.404] (WW) VGA arbiter: cannot open kernel arbiter, no multi-card support
[ 18983.404] (II) vmware(0): Creating default Display subsection in Screen section
	"Default Screen Section" for depth/fbbpp 24/32
[ 18983.404] (--) vmware(0): DRM driver version is 2.12.0
[ 18983.404] (==) vmware(0): Depth 24, (--) framebuffer bpp 32
[ 18983.404] (==) vmware(0): RGB weight 888
[ 18983.404] (==) vmware(0): Default visual is TrueColor
[ 18983.405] (--) vmware(0): Min width 1, Max Width 4096.
[ 18983.405] (--) vmware(0): Min height 1, Max Height 4096.
[ 18983.405] (II) vmware(0): Output Virtual1 has no monitor section
[ 18983.405] (II) vmware(0): Output Virtual2 has no monitor section
[ 18983.405] (II) vmware(0): Output Virtual3 has no monitor section
[ 18983.405] (II) vmware(0): Output Virtual4 has no monitor section
[ 18983.405] (II) vmware(0): Output Virtual5 has no monitor section
[ 18983.405] (II) vmware(0): Output Virtual6 has no monitor section
[ 18983.405] (II) vmware(0): Output Virtual7 has no monitor section
[ 18983.405] (II) vmware(0): Output Virtual8 has no monitor section
[ 18983.405] (II) vmware(0): Printing probed modes for output Virtual1
[ 18983.405] (II) vmware(0): Modeline "800x600"x60.0   42.75  800 850 900 950  600 650 700 750 -hsync +vsync (45.0 kHz eP)
[ 18983.405] (II) vmware(0): Modeline "2560x1600"x60.0  348.50  2560 2752 3032 3504  1600 1603 1609 1658 -hsync +vsync (99.5 kHz e)
[ 18983.405] (II) vmware(0): Modeline "1920x1440"x60.0  234.00  1920 2048 2256 2600  1440 1441 1444 1500 -hsync +vsync (90.0 kHz e)
[ 18983.405] (II) vmware(0): Modeline "1856x1392"x60.0  218.25  1856 1952 2176 2528  1392 1393 1396 1439 -hsync +vsync (86.3 kHz e)
[ 18983.405] (II) vmware(0): Modeline "1792x1344"x60.0  204.75  1792 1920 2120 2448  1344 1345 1348 1394 -hsync +vsync (83.6 kHz e)
[ 18983.405] (II) vmware(0): Modeline "1920x1200"x59.9  193.25  1920 2056 2256 2592  1200 1203 1209 1245 -hsync +vsync (74.6 kHz e)
[ 18983.405] (II) vmware(0): Modeline "1600x1200"x60.0  162.00  1600 1664 1856 2160  1200 1201 1204 1250 +hsync +vsync (75.0 kHz e)
[ 18983.405] (II) vmware(0): Modeline "1680x1050"x60.0  146.25  1680 1784 1960 2240  1050 1053 1059 1089 -hsync +vsync (65.3 kHz e)
[ 18983.405] (II) vmware(0): Modeline "1400x1050"x60.0  121.75  1400 1488 1632 1864  1050 1053 1057 1089 -hsync +vsync (65.3 kHz e)
[ 18983.405] (II) vmware(0): Modeline "1280x1024"x60.0  108.00  1280 1328 1440 1688  1024 1025 1028 1066 +hsync +vsync (64.0 kHz e)
[ 18983.405] (II) vmware(0): Modeline "1440x900"x59.9  106.50  1440 1520 1672 1904  900 903 909 934 -hsync +vsync (55.9 kHz e)
[ 18983.405] (II) vmware(0): Modeline "1280x960"x60.0  108.00  1280 1376 1488 1800  960 961 964 1000 +hsync +vsync (60.0 kHz e)
[ 18983.405] (II) vmware(0): Modeline "1360x768"x60.0   85.50  1360 1424 1536 1792  768 771 777 795 +hsync +vsync (47.7 kHz e)
[ 18983.405] (II) vmware(0): Modeline "1280x800"x59.8   83.50  1280 1352 1480 1680  800 803 809 831 +hsync -vsync (49.7 kHz e)
[ 18983.405] (II) vmware(0): Modeline "1152x864"x75.0  108.00  1152 1216 1344 1600  864 865 868 900 +hsync +vsync (67.5 kHz e)
[ 18983.405] (II) vmware(0): Modeline "1280x768"x59.9   79.50  1280 1344 1472 1664  768 771 778 798 -hsync +vsync (47.8 kHz e)
[ 18983.405] (II) vmware(0): Modeline "1024x768"x60.0   65.00  1024 1048 1184 1344  768 771 777 806 -hsync -vsync (48.4 kHz e)
[ 18983.405] (II) vmware(0): Modeline "800x600"x60.3   40.00  800 840 968 1056  600 601 605 628 +hsync +vsync (37.9 kHz e)
[ 18983.405] (II) vmware(0): Modeline "640x480"x59.9   25.18  640 656 752 800  480 489 492 525 -hsync -vsync (31.5 kHz e)
[ 18983.405] (II) vmware(0): EDID for output Virtual2
[ 18983.405] (II) vmware(0): EDID for output Virtual3
[ 18983.405] (II) vmware(0): EDID for output Virtual4
[ 18983.405] (II) vmware(0): EDID for output Virtual5
[ 18983.405] (II) vmware(0): EDID for output Virtual6
[ 18983.405] (II) vmware(0): EDID for output Virtual7
[ 18983.405] (II) vmware(0): EDID for output Virtual8
[ 18983.405] (II) vmware(0): Output Virtual1 connected
[ 18983.405] (II) vmware(0): Output Virtual2 disconnected
[ 18983.405] (II) vmware(0): Output Virtual3 disconnected
[ 18983.405] (II) vmware(0): Output Virtual4 disconnected
[ 18983.405] (II) vmware(0): Output Virtual5 disconnected
[ 18983.405] (II) vmware(0): Output Virtual6 disconnected
[ 18983.405] (II) vmware(0): Output Virtual7 disconnected
[ 18983.405] (II) vmware(0): Output Virtual8 disconnected
[ 18983.405] (II) vmware(0): Using exact sizes for initial modes
[ 18983.405] (II) vmware(0): Output Virtual1 using initial mode 800x600 +0+0
[ 18983.405] (==) vmware(0): DPI set to (96, 96)
[ 18983.405] (==) vmware(0): Using gamma correction (1.0, 1.0, 1.0)
[ 18983.405] (II) Loading sub module "fb"
[ 18983.405] (II) LoadModule: "fb"
[ 18983.405] (II) Loading /usr/lib/xorg/modules/libfb.so
[ 18983.406] (II) Module fb: vendor="X.Org Foundation"
[ 18983.406] 	compiled for 1.19.2, module version = 1.0.0
[ 18983.406] 	ABI class: X.Org ANSI C Emulation, version 0.4
[ 18983.406] (II) Loading sub module "dri2"
[ 18983.406] (II) LoadModule: "dri2"
[ 18983.406] (II) Module "dri2" already built-in
[ 18983.406] (II) UnloadModule: "modesetting"
[ 18983.406] (II) Unloading modesetting
[ 18983.406] (II) UnloadModule: "fbdev"
[ 18983.406] (II) Unloading fbdev
[ 18983.406] (II) UnloadSubModule: "fbdevhw"
[ 18983.406] (II) Unloading fbdevhw
[ 18983.406] (II) UnloadModule: "vesa"
[ 18983.406] (II) Unloading vesa
[ 18983.406] (==) Depth 24 pixmap format is 32 bpp
[ 18983.406] (II) vmware(0): Initialized VMWARE_CTRL extension version 0.2
[ 18983.407] (WW) vmware(0): Failed to initialize Gallium3D Xa. No render acceleration available.
[ 18983.408] (WW) vmware(0): Skipped initialization of direct rendering due to lack of render acceleration.
[ 18983.408] (--) vmware(0): Render acceleration is disabled.
[ 18983.408] (==) vmware(0): Rendercheck mode is disabled.
[ 18983.408] (--) vmware(0): Direct rendering (3D) is disabled.
[ 18983.408] (==) vmware(0): Backing store enabled
[ 18983.408] (==) vmware(0): Silken mouse enabled
[ 18983.408] (II) vmware(0): RandR 1.2 enabled, ignore the following RandR disabled message.
[ 18983.408] (==) vmware(0): DPMS enabled
[ 18983.408] (II) vmware(0): No 3D acceleration. Not setting up textured video.
[ 18983.408] (--) RandR disabled
[ 18983.411] (II) SELinux: Disabled on system
[ 18983.411] (II) AIGLX: Screen 0 is not DRI2 capable
[ 18983.411] (EE) AIGLX: reverting to software rendering
[ 18983.414] (II) IGLX: enabled GLX_MESA_copy_sub_buffer
[ 18983.415] (II) IGLX: Loaded and initialized swrast
[ 18983.415] (II) GLX: Initialized DRISWRAST GL provider for screen 0
[ 18983.417] (II) vmware(0): Setting screen physical size to 211 x 158
[ 18983.457] (II) config/udev: Adding input device Power Button (/dev/input/event3)
[ 18983.458] (**) Power Button: Applying InputClass "libinput keyboard catchall"
[ 18983.458] (II) LoadModule: "libinput"
[ 18983.458] (II) Loading /usr/lib/xorg/modules/input/libinput_drv.so
[ 18983.459] (II) Module libinput: vendor="X.Org Foundation"
[ 18983.459] 	compiled for 1.19.0, module version = 0.23.0
[ 18983.461] 	Module class: X.Org XInput Driver
[ 18983.462] 	ABI class: X.Org XInput driver, version 24.1
[ 18983.462] (II) Using input driver 'libinput' for 'Power Button'
[ 18983.463] (II) systemd-logind: got fd for /dev/input/event3 13:67 fd 21 paused 0
[ 18983.464] (**) Power Button: always reports core events
[ 18983.464] (**) Option "Device" "/dev/input/event3"
[ 18983.464] (**) Option "_source" "server/udev"
[ 18983.465] (II) input device 'Power Button', /dev/input/event3 is tagged by udev as: Keyboard
[ 18983.465] (II) input device 'Power Button', /dev/input/event3 is a keyboard
[ 18983.465] (**) Option "config_info" "udev:/sys/devices/LNXSYSTM:00/LNXPWRBN:00/input/input4/event3"
[ 18983.465] (II) XINPUT: Adding extended input device "Power Button" (type: KEYBOARD, id 6)
[ 18983.465] (**) Option "xkb_model" "pc105"
[ 18983.466] (**) Option "xkb_layout" "us"
[ 18983.466] (II) input device 'Power Button', /dev/input/event3 is tagged by udev as: Keyboard
[ 18983.466] (II) input device 'Power Button', /dev/input/event3 is a keyboard
[ 18983.470] (II) config/udev: Adding input device AT Translated Set 2 keyboard (/dev/input/event0)
[ 18983.470] (**) AT Translated Set 2 keyboard: Applying InputClass "libinput keyboard catchall"
[ 18983.470] (II) Using input driver 'libinput' for 'AT Translated Set 2 keyboard'
[ 18983.471] (II) systemd-logind: got fd for /dev/input/event0 13:64 fd 24 paused 0
[ 18983.471] (**) AT Translated Set 2 keyboard: always reports core events
[ 18983.471] (**) Option "Device" "/dev/input/event0"
[ 18983.471] (**) Option "_source" "server/udev"
[ 18983.471] (II) input device 'AT Translated Set 2 keyboard', /dev/input/event0 is tagged by udev as: Keyboard
[ 18983.471] (II) input device 'AT Translated Set 2 keyboard', /dev/input/event0 is a keyboard
[ 18983.471] (**) Option "config_info" "udev:/sys/devices/platform/i8042/serio0/input/input0/event0"
[ 18983.471] (II) XINPUT: Adding extended input device "AT Translated Set 2 keyboard" (type: KEYBOARD, id 7)
[ 18983.471] (**) Option "xkb_model" "pc105"
[ 18983.471] (**) Option "xkb_layout" "us"
[ 18983.471] (II) input device 'AT Translated Set 2 keyboard', /dev/input/event0 is tagged by udev as: Keyboard
[ 18983.471] (II) input device 'AT Translated Set 2 keyboard', /dev/input/event0 is a keyboard
[ 18983.471] (II) config/udev: Adding input device VirtualPS/2 VMware VMMouse (/dev/input/event2)
[ 18983.471] (**) VirtualPS/2 VMware VMMouse: Applying InputClass "libinput pointer catchall"
[ 18983.471] (II) Using input driver 'libinput' for 'VirtualPS/2 VMware VMMouse'
[ 18983.472] (II) systemd-logind: got fd for /dev/input/event2 13:66 fd 25 paused 0
[ 18983.472] (**) VirtualPS/2 VMware VMMouse: always reports core events
[ 18983.472] (**) Option "Device" "/dev/input/event2"
[ 18983.472] (**) Option "_source" "server/udev"
[ 18983.472] (II) input device 'VirtualPS/2 VMware VMMouse', /dev/input/event2 is tagged by udev as: Mouse
[ 18983.472] (II) input device 'VirtualPS/2 VMware VMMouse', /dev/input/event2 is a pointer caps
[ 18983.472] (**) Option "config_info" "udev:/sys/devices/platform/i8042/serio1/input/input2/event2"
[ 18983.472] (II) XINPUT: Adding extended input device "VirtualPS/2 VMware VMMouse" (type: MOUSE, id 8)
[ 18983.472] (**) Option "AccelerationScheme" "none"
[ 18983.472] (**) VirtualPS/2 VMware VMMouse: (accel) selected scheme none/0
[ 18983.472] (**) VirtualPS/2 VMware VMMouse: (accel) acceleration factor: 2.000
[ 18983.472] (**) VirtualPS/2 VMware VMMouse: (accel) acceleration threshold: 4
[ 18983.472] (II) input device 'VirtualPS/2 VMware VMMouse', /dev/input/event2 is tagged by udev as: Mouse
[ 18983.472] (II) input device 'VirtualPS/2 VMware VMMouse', /dev/input/event2 is a pointer caps
[ 18983.472] (II) config/udev: Adding input device VirtualPS/2 VMware VMMouse (/dev/input/mouse1)
[ 18983.472] (II) No input driver specified, ignoring this device.
[ 18983.472] (II) This device may have been added with another device file.
[ 18983.473] (II) config/udev: Adding input device VirtualPS/2 VMware VMMouse (/dev/input/event1)
[ 18983.473] (**) VirtualPS/2 VMware VMMouse: Applying InputClass "libinput pointer catchall"
[ 18983.473] (II) Using input driver 'libinput' for 'VirtualPS/2 VMware VMMouse'
[ 18983.473] (II) systemd-logind: got fd for /dev/input/event1 13:65 fd 26 paused 0
[ 18983.473] (**) VirtualPS/2 VMware VMMouse: always reports core events
[ 18983.473] (**) Option "Device" "/dev/input/event1"
[ 18983.473] (**) Option "_source" "server/udev"
[ 18983.473] (II) input device 'VirtualPS/2 VMware VMMouse', /dev/input/event1 is tagged by udev as: Mouse
[ 18983.473] (II) input device 'VirtualPS/2 VMware VMMouse', /dev/input/event1 is a pointer caps
[ 18983.473] (**) Option "config_info" "udev:/sys/devices/platform/i8042/serio1/input/input3/event1"
[ 18983.473] (II) XINPUT: Adding extended input device "VirtualPS/2 VMware VMMouse" (type: MOUSE, id 9)
[ 18983.473] (**) Option "AccelerationScheme" "none"
[ 18983.473] (**) VirtualPS/2 VMware VMMouse: (accel) selected scheme none/0
[ 18983.473] (**) VirtualPS/2 VMware VMMouse: (accel) acceleration factor: 2.000
[ 18983.473] (**) VirtualPS/2 VMware VMMouse: (accel) acceleration threshold: 4
[ 18983.473] (II) input device 'VirtualPS/2 VMware VMMouse', /dev/input/event1 is tagged by udev as: Mouse
[ 18983.473] (II) input device 'VirtualPS/2 VMware VMMouse', /dev/input/event1 is a pointer caps
[ 18983.474] (II) config/udev: Adding input device VirtualPS/2 VMware VMMouse (/dev/input/mouse0)
[ 18983.474] (II) No input driver specified, ignoring this device.
[ 18983.474] (II) This device may have been added with another device file.
[ 18983.474] (II) config/udev: Adding input device PC Speaker (/dev/input/event4)
[ 18983.474] (II) No input driver specified, ignoring this device.
[ 18983.474] (II) This device may have been added with another device file.
[ 18983.523] (EE) No surface to present from.
