[  1536.941] _XSERVTransSocketUNIXCreateListener: ...SocketCreateListener() failed
[  1536.942] _XSERVTransMakeAllCOTSServerListeners: server already running
[  1536.942] _XSERVTransSocketUNIXCreateListener: ...SocketCreateListener() failed
[  1536.942] _XSERVTransMakeAllCOTSServerListeners: server already running
[  1536.942] (--) Log file renamed from "/home/blank/.local/share/xorg/Xorg.pid-3605.log" to "/home/blank/.local/share/xorg/Xorg.2.log"
[  1536.943] 
X.Org X Server 1.19.2
Release Date: 2017-03-02
[  1536.943] X Protocol Version 11, Revision 0
[  1536.943] Build Operating System: Linux 4.9.0-3-amd64 x86_64 Debian
[  1536.944] Current Operating System: Linux debian 4.9.0-3-amd64 #1 SMP Debian 4.9.30-2+deb9u3 (2017-08-06) x86_64
[  1536.944] Kernel command line: BOOT_IMAGE=/boot/vmlinuz-4.9.0-3-amd64 root=UUID=360bea56-d44c-43d4-b8a6-0ecfd7a20e96 ro quiet
[  1536.944] Build Date: 07 July 2017  06:14:06AM
[  1536.944] xorg-server 2:1.19.2-1+deb9u1 (https://www.debian.org/support) 
[  1536.944] Current version of pixman: 0.34.0
[  1536.945] 	Before reporting problems, check http://wiki.x.org
	to make sure that you have the latest version.
[  1536.945] Markers: (--) probed, (**) from config file, (==) default setting,
	(++) from command line, (!!) notice, (II) informational,
	(WW) warning, (EE) error, (NI) not implemented, (??) unknown.
[  1536.945] (==) Log file: "/home/blank/.local/share/xorg/Xorg.2.log", Time: Wed Aug  9 14:08:06 2017
[  1536.945] (==) Using system config directory "/usr/share/X11/xorg.conf.d"
[  1536.945] (==) No Layout section.  Using the first Screen section.
[  1536.945] (==) No screen section available. Using defaults.
[  1536.945] (**) |-->Screen "Default Screen Section" (0)
[  1536.945] (**) |   |-->Monitor "<default monitor>"
[  1536.946] (==) No monitor specified for screen "Default Screen Section".
	Using a default monitor configuration.
[  1536.946] (==) Automatically adding devices
[  1536.946] (==) Automatically enabling devices
[  1536.946] (==) Automatically adding GPU devices
[  1536.946] (==) Max clients allowed: 256, resource mask: 0x1fffff
[  1536.946] (WW) The directory "/usr/share/fonts/X11/cyrillic" does not exist.
[  1536.946] 	Entry deleted from font path.
[  1536.946] (==) FontPath set to:
	/usr/share/fonts/X11/misc,
	/usr/share/fonts/X11/100dpi/:unscaled,
	/usr/share/fonts/X11/75dpi/:unscaled,
	/usr/share/fonts/X11/Type1,
	/usr/share/fonts/X11/100dpi,
	/usr/share/fonts/X11/75dpi,
	built-ins
[  1536.946] (==) ModulePath set to "/usr/lib/xorg/modules"
[  1536.946] (II) The server relies on udev to provide the list of input devices.
	If no devices become available, reconfigure udev or disable AutoAddDevices.
[  1536.946] (II) Loader magic: 0x55c41b8a7e00
[  1536.946] (II) Module ABI versions:
[  1536.946] 	X.Org ANSI C Emulation: 0.4
[  1536.946] 	X.Org Video Driver: 23.0
[  1536.946] 	X.Org XInput driver : 24.1
[  1536.946] 	X.Org Server Extension : 10.0
[  1536.947] (++) using VT number 4

[  1536.952] (II) systemd-logind: took control of session /org/freedesktop/login1/session/_37
[  1536.952] (II) xfree86: Adding drm device (/dev/dri/card0)
[  1536.953] (II) systemd-logind: got fd for /dev/dri/card0 226:0 fd 14 paused 0
[  1536.965] (--) PCI:*(0:0:15:0) 15ad:0405:15ad:0405 rev 0, Mem @ 0xe8000000/134217728, 0xfe000000/8388608, I/O @ 0x00001070/16, BIOS @ 0x????????/131072
[  1536.965] (II) LoadModule: "glx"
[  1536.965] (II) Loading /usr/lib/xorg/modules/extensions/libglx.so
[  1536.966] (II) Module glx: vendor="X.Org Foundation"
[  1536.966] 	compiled for 1.19.2, module version = 1.0.0
[  1536.966] 	ABI class: X.Org Server Extension, version 10.0
[  1536.966] (==) Matched vmware as autoconfigured driver 0
[  1536.966] (==) Matched vmware as autoconfigured driver 1
[  1536.966] (==) Matched modesetting as autoconfigured driver 2
[  1536.966] (==) Matched fbdev as autoconfigured driver 3
[  1536.966] (==) Matched vesa as autoconfigured driver 4
[  1536.966] (==) Assigned the driver to the xf86ConfigLayout
[  1536.966] (II) LoadModule: "vmware"
[  1536.966] (II) Loading /usr/lib/xorg/modules/drivers/vmware_drv.so
[  1536.978] (II) Module vmware: vendor="X.Org Foundation"
[  1536.978] 	compiled for 1.19.0, module version = 13.2.1
[  1536.978] 	Module class: X.Org Video Driver
[  1536.978] 	ABI class: X.Org Video Driver, version 23.0
[  1536.978] (II) LoadModule: "modesetting"
[  1536.978] (II) Loading /usr/lib/xorg/modules/drivers/modesetting_drv.so
[  1536.978] (II) Module modesetting: vendor="X.Org Foundation"
[  1536.978] 	compiled for 1.19.2, module version = 1.19.2
[  1536.978] 	Module class: X.Org Video Driver
[  1536.978] 	ABI class: X.Org Video Driver, version 23.0
[  1536.978] (II) LoadModule: "fbdev"
[  1536.978] (II) Loading /usr/lib/xorg/modules/drivers/fbdev_drv.so
[  1536.978] (II) Module fbdev: vendor="X.Org Foundation"
[  1536.978] 	compiled for 1.19.0, module version = 0.4.4
[  1536.978] 	Module class: X.Org Video Driver
[  1536.978] 	ABI class: X.Org Video Driver, version 23.0
[  1536.978] (II) LoadModule: "vesa"
[  1536.978] (II) Loading /usr/lib/xorg/modules/drivers/vesa_drv.so
[  1536.978] (II) Module vesa: vendor="X.Org Foundation"
[  1536.978] 	compiled for 1.19.0, module version = 2.3.4
[  1536.978] 	Module class: X.Org Video Driver
[  1536.978] 	ABI class: X.Org Video Driver, version 23.0
[  1536.978] (II) vmware: driver for VMware SVGA: vmware0405, vmware0710
[  1536.978] (II) modesetting: Driver for Modesetting Kernel Drivers: kms
[  1536.978] (II) FBDEV: driver for framebuffer: fbdev
[  1536.978] (II) VESA: driver for VESA chipsets: vesa
[  1536.978] xf86EnableIOPorts: failed to set IOPL for I/O (Operation not permitted)
[  1536.978] (WW) Falling back to old probe method for modesetting
[  1536.978] (WW) Falling back to old probe method for fbdev
[  1536.978] (II) Loading sub module "fbdevhw"
[  1536.978] (II) LoadModule: "fbdevhw"
[  1536.978] (II) Loading /usr/lib/xorg/modules/libfbdevhw.so
[  1536.978] (II) Module fbdevhw: vendor="X.Org Foundation"
[  1536.978] 	compiled for 1.19.2, module version = 0.0.2
[  1536.978] 	ABI class: X.Org Video Driver, version 23.0
[  1536.979] (WW) Falling back to old probe method for vesa
[  1536.979] (WW) VGA arbiter: cannot open kernel arbiter, no multi-card support
[  1536.979] (II) vmware(0): Creating default Display subsection in Screen section
	"Default Screen Section" for depth/fbbpp 24/32
[  1536.979] (--) vmware(0): DRM driver version is 2.12.0
[  1536.979] (==) vmware(0): Depth 24, (--) framebuffer bpp 32
[  1536.979] (==) vmware(0): RGB weight 888
[  1536.979] (==) vmware(0): Default visual is TrueColor
[  1536.979] (--) vmware(0): Min width 1, Max Width 4096.
[  1536.979] (--) vmware(0): Min height 1, Max Height 4096.
[  1536.979] (II) vmware(0): Output Virtual1 has no monitor section
[  1536.979] (II) vmware(0): Output Virtual2 has no monitor section
[  1536.979] (II) vmware(0): Output Virtual3 has no monitor section
[  1536.979] (II) vmware(0): Output Virtual4 has no monitor section
[  1536.979] (II) vmware(0): Output Virtual5 has no monitor section
[  1536.979] (II) vmware(0): Output Virtual6 has no monitor section
[  1536.979] (II) vmware(0): Output Virtual7 has no monitor section
[  1536.979] (II) vmware(0): Output Virtual8 has no monitor section
[  1536.979] (II) vmware(0): Printing probed modes for output Virtual1
[  1536.979] (II) vmware(0): Modeline "800x600"x60.0   42.75  800 850 900 950  600 650 700 750 -hsync +vsync (45.0 kHz eP)
[  1536.979] (II) vmware(0): Modeline "2560x1600"x60.0  348.50  2560 2752 3032 3504  1600 1603 1609 1658 -hsync +vsync (99.5 kHz e)
[  1536.979] (II) vmware(0): Modeline "1920x1440"x60.0  234.00  1920 2048 2256 2600  1440 1441 1444 1500 -hsync +vsync (90.0 kHz e)
[  1536.979] (II) vmware(0): Modeline "1856x1392"x60.0  218.25  1856 1952 2176 2528  1392 1393 1396 1439 -hsync +vsync (86.3 kHz e)
[  1536.979] (II) vmware(0): Modeline "1792x1344"x60.0  204.75  1792 1920 2120 2448  1344 1345 1348 1394 -hsync +vsync (83.6 kHz e)
[  1536.979] (II) vmware(0): Modeline "1920x1200"x59.9  193.25  1920 2056 2256 2592  1200 1203 1209 1245 -hsync +vsync (74.6 kHz e)
[  1536.979] (II) vmware(0): Modeline "1600x1200"x60.0  162.00  1600 1664 1856 2160  1200 1201 1204 1250 +hsync +vsync (75.0 kHz e)
[  1536.979] (II) vmware(0): Modeline "1680x1050"x60.0  146.25  1680 1784 1960 2240  1050 1053 1059 1089 -hsync +vsync (65.3 kHz e)
[  1536.979] (II) vmware(0): Modeline "1400x1050"x60.0  121.75  1400 1488 1632 1864  1050 1053 1057 1089 -hsync +vsync (65.3 kHz e)
[  1536.979] (II) vmware(0): Modeline "1280x1024"x60.0  108.00  1280 1328 1440 1688  1024 1025 1028 1066 +hsync +vsync (64.0 kHz e)
[  1536.979] (II) vmware(0): Modeline "1440x900"x59.9  106.50  1440 1520 1672 1904  900 903 909 934 -hsync +vsync (55.9 kHz e)
[  1536.979] (II) vmware(0): Modeline "1280x960"x60.0  108.00  1280 1376 1488 1800  960 961 964 1000 +hsync +vsync (60.0 kHz e)
[  1536.979] (II) vmware(0): Modeline "1360x768"x60.0   85.50  1360 1424 1536 1792  768 771 777 795 +hsync +vsync (47.7 kHz e)
[  1536.979] (II) vmware(0): Modeline "1280x800"x59.8   83.50  1280 1352 1480 1680  800 803 809 831 +hsync -vsync (49.7 kHz e)
[  1536.979] (II) vmware(0): Modeline "1152x864"x75.0  108.00  1152 1216 1344 1600  864 865 868 900 +hsync +vsync (67.5 kHz e)
[  1536.979] (II) vmware(0): Modeline "1280x768"x59.9   79.50  1280 1344 1472 1664  768 771 778 798 -hsync +vsync (47.8 kHz e)
[  1536.979] (II) vmware(0): Modeline "1024x768"x60.0   65.00  1024 1048 1184 1344  768 771 777 806 -hsync -vsync (48.4 kHz e)
[  1536.979] (II) vmware(0): Modeline "800x600"x60.3   40.00  800 840 968 1056  600 601 605 628 +hsync +vsync (37.9 kHz e)
[  1536.979] (II) vmware(0): Modeline "640x480"x59.9   25.18  640 656 752 800  480 489 492 525 -hsync -vsync (31.5 kHz e)
[  1536.979] (II) vmware(0): EDID for output Virtual2
[  1536.979] (II) vmware(0): EDID for output Virtual3
[  1536.979] (II) vmware(0): EDID for output Virtual4
[  1536.979] (II) vmware(0): EDID for output Virtual5
[  1536.979] (II) vmware(0): EDID for output Virtual6
[  1536.979] (II) vmware(0): EDID for output Virtual7
[  1536.979] (II) vmware(0): EDID for output Virtual8
[  1536.979] (II) vmware(0): Output Virtual1 connected
[  1536.979] (II) vmware(0): Output Virtual2 disconnected
[  1536.979] (II) vmware(0): Output Virtual3 disconnected
[  1536.979] (II) vmware(0): Output Virtual4 disconnected
[  1536.979] (II) vmware(0): Output Virtual5 disconnected
[  1536.979] (II) vmware(0): Output Virtual6 disconnected
[  1536.979] (II) vmware(0): Output Virtual7 disconnected
[  1536.979] (II) vmware(0): Output Virtual8 disconnected
[  1536.979] (II) vmware(0): Using exact sizes for initial modes
[  1536.979] (II) vmware(0): Output Virtual1 using initial mode 800x600 +0+0
[  1536.979] (==) vmware(0): DPI set to (96, 96)
[  1536.979] (==) vmware(0): Using gamma correction (1.0, 1.0, 1.0)
[  1536.979] (II) Loading sub module "fb"
[  1536.979] (II) LoadModule: "fb"
[  1536.979] (II) Loading /usr/lib/xorg/modules/libfb.so
[  1536.979] (II) Module fb: vendor="X.Org Foundation"
[  1536.979] 	compiled for 1.19.2, module version = 1.0.0
[  1536.979] 	ABI class: X.Org ANSI C Emulation, version 0.4
[  1536.979] (II) Loading sub module "dri2"
[  1536.979] (II) LoadModule: "dri2"
[  1536.979] (II) Module "dri2" already built-in
[  1536.979] (II) UnloadModule: "modesetting"
[  1536.979] (II) Unloading modesetting
[  1536.979] (II) UnloadModule: "fbdev"
[  1536.979] (II) Unloading fbdev
[  1536.979] (II) UnloadSubModule: "fbdevhw"
[  1536.979] (II) Unloading fbdevhw
[  1536.979] (II) UnloadModule: "vesa"
[  1536.979] (II) Unloading vesa
[  1536.979] (==) Depth 24 pixmap format is 32 bpp
[  1536.979] (II) vmware(0): Initialized VMWARE_CTRL extension version 0.2
[  1536.980] (WW) vmware(0): Failed to initialize Gallium3D Xa. No render acceleration available.
[  1536.980] (WW) vmware(0): Skipped initialization of direct rendering due to lack of render acceleration.
[  1536.980] (--) vmware(0): Render acceleration is disabled.
[  1536.980] (==) vmware(0): Rendercheck mode is disabled.
[  1536.980] (--) vmware(0): Direct rendering (3D) is disabled.
[  1536.980] (==) vmware(0): Backing store enabled
[  1536.980] (==) vmware(0): Silken mouse enabled
[  1536.980] (II) vmware(0): RandR 1.2 enabled, ignore the following RandR disabled message.
[  1536.981] (==) vmware(0): DPMS enabled
[  1536.981] (II) vmware(0): No 3D acceleration. Not setting up textured video.
[  1536.981] (--) RandR disabled
[  1536.982] (II) SELinux: Disabled on system
[  1536.982] (II) AIGLX: Screen 0 is not DRI2 capable
[  1536.982] (EE) AIGLX: reverting to software rendering
[  1536.983] (II) IGLX: enabled GLX_MESA_copy_sub_buffer
[  1536.984] (II) IGLX: Loaded and initialized swrast
[  1536.984] (II) GLX: Initialized DRISWRAST GL provider for screen 0
[  1536.986] (II) vmware(0): Setting screen physical size to 211 x 158
[  1537.010] (II) config/udev: Adding input device Power Button (/dev/input/event3)
[  1537.010] (**) Power Button: Applying InputClass "libinput keyboard catchall"
[  1537.010] (II) LoadModule: "libinput"
[  1537.011] (II) Loading /usr/lib/xorg/modules/input/libinput_drv.so
[  1537.014] (II) Module libinput: vendor="X.Org Foundation"
[  1537.014] 	compiled for 1.19.0, module version = 0.23.0
[  1537.014] 	Module class: X.Org XInput Driver
[  1537.014] 	ABI class: X.Org XInput driver, version 24.1
[  1537.014] (II) Using input driver 'libinput' for 'Power Button'
[  1537.015] (II) systemd-logind: got fd for /dev/input/event3 13:67 fd 22 paused 0
[  1537.015] (**) Power Button: always reports core events
[  1537.015] (**) Option "Device" "/dev/input/event3"
[  1537.016] (**) Option "_source" "server/udev"
[  1537.017] (II) input device 'Power Button', /dev/input/event3 is tagged by udev as: Keyboard
[  1537.017] (II) input device 'Power Button', /dev/input/event3 is a keyboard
[  1537.017] (**) Option "config_info" "udev:/sys/devices/LNXSYSTM:00/LNXPWRBN:00/input/input4/event3"
[  1537.018] (II) XINPUT: Adding extended input device "Power Button" (type: KEYBOARD, id 6)
[  1537.018] (**) Option "xkb_model" "pc105"
[  1537.018] (**) Option "xkb_layout" "us"
[  1537.019] (II) input device 'Power Button', /dev/input/event3 is tagged by udev as: Keyboard
[  1537.020] (II) input device 'Power Button', /dev/input/event3 is a keyboard
[  1537.021] (II) config/udev: Adding input device AT Translated Set 2 keyboard (/dev/input/event0)
[  1537.022] (**) AT Translated Set 2 keyboard: Applying InputClass "libinput keyboard catchall"
[  1537.022] (II) Using input driver 'libinput' for 'AT Translated Set 2 keyboard'
[  1537.023] (II) systemd-logind: got fd for /dev/input/event0 13:64 fd 25 paused 0
[  1537.023] (**) AT Translated Set 2 keyboard: always reports core events
[  1537.023] (**) Option "Device" "/dev/input/event0"
[  1537.024] (**) Option "_source" "server/udev"
[  1537.025] (II) input device 'AT Translated Set 2 keyboard', /dev/input/event0 is tagged by udev as: Keyboard
[  1537.025] (II) input device 'AT Translated Set 2 keyboard', /dev/input/event0 is a keyboard
[  1537.025] (**) Option "config_info" "udev:/sys/devices/platform/i8042/serio0/input/input0/event0"
[  1537.026] (II) XINPUT: Adding extended input device "AT Translated Set 2 keyboard" (type: KEYBOARD, id 7)
[  1537.026] (**) Option "xkb_model" "pc105"
[  1537.026] (**) Option "xkb_layout" "us"
[  1537.027] (II) input device 'AT Translated Set 2 keyboard', /dev/input/event0 is tagged by udev as: Keyboard
[  1537.027] (II) input device 'AT Translated Set 2 keyboard', /dev/input/event0 is a keyboard
[  1537.028] (II) config/udev: Adding input device VirtualPS/2 VMware VMMouse (/dev/input/event2)
[  1537.028] (**) VirtualPS/2 VMware VMMouse: Applying InputClass "libinput pointer catchall"
[  1537.028] (II) Using input driver 'libinput' for 'VirtualPS/2 VMware VMMouse'
[  1537.029] (II) systemd-logind: got fd for /dev/input/event2 13:66 fd 26 paused 0
[  1537.029] (**) VirtualPS/2 VMware VMMouse: always reports core events
[  1537.029] (**) Option "Device" "/dev/input/event2"
[  1537.029] (**) Option "_source" "server/udev"
[  1537.029] (II) input device 'VirtualPS/2 VMware VMMouse', /dev/input/event2 is tagged by udev as: Mouse
[  1537.029] (II) input device 'VirtualPS/2 VMware VMMouse', /dev/input/event2 is a pointer caps
[  1537.030] (**) Option "config_info" "udev:/sys/devices/platform/i8042/serio1/input/input2/event2"
[  1537.030] (II) XINPUT: Adding extended input device "VirtualPS/2 VMware VMMouse" (type: MOUSE, id 8)
[  1537.030] (**) Option "AccelerationScheme" "none"
[  1537.030] (**) VirtualPS/2 VMware VMMouse: (accel) selected scheme none/0
[  1537.030] (**) VirtualPS/2 VMware VMMouse: (accel) acceleration factor: 2.000
[  1537.030] (**) VirtualPS/2 VMware VMMouse: (accel) acceleration threshold: 4
[  1537.030] (II) input device 'VirtualPS/2 VMware VMMouse', /dev/input/event2 is tagged by udev as: Mouse
[  1537.030] (II) input device 'VirtualPS/2 VMware VMMouse', /dev/input/event2 is a pointer caps
[  1537.030] (II) config/udev: Adding input device VirtualPS/2 VMware VMMouse (/dev/input/mouse1)
[  1537.030] (II) No input driver specified, ignoring this device.
[  1537.030] (II) This device may have been added with another device file.
[  1537.030] (II) config/udev: Adding input device VirtualPS/2 VMware VMMouse (/dev/input/event1)
[  1537.030] (**) VirtualPS/2 VMware VMMouse: Applying InputClass "libinput pointer catchall"
[  1537.030] (II) Using input driver 'libinput' for 'VirtualPS/2 VMware VMMouse'
[  1537.033] (II) systemd-logind: got fd for /dev/input/event1 13:65 fd 27 paused 0
[  1537.033] (**) VirtualPS/2 VMware VMMouse: always reports core events
[  1537.033] (**) Option "Device" "/dev/input/event1"
[  1537.033] (**) Option "_source" "server/udev"
[  1537.033] (II) input device 'VirtualPS/2 VMware VMMouse', /dev/input/event1 is tagged by udev as: Mouse
[  1537.034] (II) input device 'VirtualPS/2 VMware VMMouse', /dev/input/event1 is a pointer caps
[  1537.034] (**) Option "config_info" "udev:/sys/devices/platform/i8042/serio1/input/input3/event1"
[  1537.034] (II) XINPUT: Adding extended input device "VirtualPS/2 VMware VMMouse" (type: MOUSE, id 9)
[  1537.034] (**) Option "AccelerationScheme" "none"
[  1537.034] (**) VirtualPS/2 VMware VMMouse: (accel) selected scheme none/0
[  1537.034] (**) VirtualPS/2 VMware VMMouse: (accel) acceleration factor: 2.000
[  1537.034] (**) VirtualPS/2 VMware VMMouse: (accel) acceleration threshold: 4
[  1537.034] (II) input device 'VirtualPS/2 VMware VMMouse', /dev/input/event1 is tagged by udev as: Mouse
[  1537.035] (II) input device 'VirtualPS/2 VMware VMMouse', /dev/input/event1 is a pointer caps
[  1537.035] (II) config/udev: Adding input device VirtualPS/2 VMware VMMouse (/dev/input/mouse0)
[  1537.035] (II) No input driver specified, ignoring this device.
[  1537.035] (II) This device may have been added with another device file.
[  1537.035] (II) config/udev: Adding input device PC Speaker (/dev/input/event4)
[  1537.035] (II) No input driver specified, ignoring this device.
[  1537.035] (II) This device may have been added with another device file.
[  1537.062] (EE) No surface to present from.
[  1757.038] (**) Option "fd" "22"
[  1757.038] (**) Option "fd" "25"
[  1757.038] (**) Option "fd" "26"
[  1757.038] (**) Option "fd" "27"
[  1757.044] (II) systemd-logind: got pause for 226:0
[  1757.044] (II) systemd-logind: got pause for 13:64
[  1757.044] (II) systemd-logind: got pause for 13:65
[  1757.044] (II) systemd-logind: got pause for 13:66
[  1757.044] (II) systemd-logind: got pause for 13:67
