[  1762.174] _XSERVTransSocketUNIXCreateListener: ...SocketCreateListener() failed
[  1762.174] _XSERVTransMakeAllCOTSServerListeners: server already running
[  1762.174] _XSERVTransSocketUNIXCreateListener: ...SocketCreateListener() failed
[  1762.174] _XSERVTransMakeAllCOTSServerListeners: server already running
[  1762.174] _XSERVTransSocketUNIXCreateListener: ...SocketCreateListener() failed
[  1762.174] _XSERVTransMakeAllCOTSServerListeners: server already running
[  1762.174] (--) Log file renamed from "/home/blank/.local/share/xorg/Xorg.pid-3938.log" to "/home/blank/.local/share/xorg/Xorg.3.log"
[  1762.175] 
X.Org X Server 1.19.2
Release Date: 2017-03-02
[  1762.175] X Protocol Version 11, Revision 0
[  1762.175] Build Operating System: Linux 4.9.0-3-amd64 x86_64 Debian
[  1762.175] Current Operating System: Linux debian 4.9.0-3-amd64 #1 SMP Debian 4.9.30-2+deb9u3 (2017-08-06) x86_64
[  1762.175] Kernel command line: BOOT_IMAGE=/boot/vmlinuz-4.9.0-3-amd64 root=UUID=360bea56-d44c-43d4-b8a6-0ecfd7a20e96 ro quiet
[  1762.175] Build Date: 07 July 2017  06:14:06AM
[  1762.175] xorg-server 2:1.19.2-1+deb9u1 (https://www.debian.org/support) 
[  1762.175] Current version of pixman: 0.34.0
[  1762.175] 	Before reporting problems, check http://wiki.x.org
	to make sure that you have the latest version.
[  1762.175] Markers: (--) probed, (**) from config file, (==) default setting,
	(++) from command line, (!!) notice, (II) informational,
	(WW) warning, (EE) error, (NI) not implemented, (??) unknown.
[  1762.175] (==) Log file: "/home/blank/.local/share/xorg/Xorg.3.log", Time: Wed Aug  9 14:11:51 2017
[  1762.175] (==) Using system config directory "/usr/share/X11/xorg.conf.d"
[  1762.175] (==) No Layout section.  Using the first Screen section.
[  1762.175] (==) No screen section available. Using defaults.
[  1762.175] (**) |-->Screen "Default Screen Section" (0)
[  1762.175] (**) |   |-->Monitor "<default monitor>"
[  1762.175] (==) No monitor specified for screen "Default Screen Section".
	Using a default monitor configuration.
[  1762.175] (==) Automatically adding devices
[  1762.175] (==) Automatically enabling devices
[  1762.175] (==) Automatically adding GPU devices
[  1762.175] (==) Max clients allowed: 256, resource mask: 0x1fffff
[  1762.175] (WW) The directory "/usr/share/fonts/X11/cyrillic" does not exist.
[  1762.175] 	Entry deleted from font path.
[  1762.175] (==) FontPath set to:
	/usr/share/fonts/X11/misc,
	/usr/share/fonts/X11/100dpi/:unscaled,
	/usr/share/fonts/X11/75dpi/:unscaled,
	/usr/share/fonts/X11/Type1,
	/usr/share/fonts/X11/100dpi,
	/usr/share/fonts/X11/75dpi,
	built-ins
[  1762.175] (==) ModulePath set to "/usr/lib/xorg/modules"
[  1762.175] (II) The server relies on udev to provide the list of input devices.
	If no devices become available, reconfigure udev or disable AutoAddDevices.
[  1762.175] (II) Loader magic: 0x56166f65ee00
[  1762.175] (II) Module ABI versions:
[  1762.175] 	X.Org ANSI C Emulation: 0.4
[  1762.175] 	X.Org Video Driver: 23.0
[  1762.175] 	X.Org XInput driver : 24.1
[  1762.175] 	X.Org Server Extension : 10.0
[  1762.180] (++) using VT number 5

[  1762.182] (II) systemd-logind: took control of session /org/freedesktop/login1/session/_39
[  1762.186] (II) xfree86: Adding drm device (/dev/dri/card0)
[  1762.186] (II) systemd-logind: got fd for /dev/dri/card0 226:0 fd 15 paused 0
[  1762.200] (--) PCI:*(0:0:15:0) 15ad:0405:15ad:0405 rev 0, Mem @ 0xe8000000/134217728, 0xfe000000/8388608, I/O @ 0x00001070/16, BIOS @ 0x????????/131072
[  1762.200] (II) LoadModule: "glx"
[  1762.201] (II) Loading /usr/lib/xorg/modules/extensions/libglx.so
[  1762.201] (II) Module glx: vendor="X.Org Foundation"
[  1762.201] 	compiled for 1.19.2, module version = 1.0.0
[  1762.201] 	ABI class: X.Org Server Extension, version 10.0
[  1762.201] (==) Matched vmware as autoconfigured driver 0
[  1762.201] (==) Matched vmware as autoconfigured driver 1
[  1762.201] (==) Matched modesetting as autoconfigured driver 2
[  1762.201] (==) Matched fbdev as autoconfigured driver 3
[  1762.201] (==) Matched vesa as autoconfigured driver 4
[  1762.201] (==) Assigned the driver to the xf86ConfigLayout
[  1762.201] (II) LoadModule: "vmware"
[  1762.201] (II) Loading /usr/lib/xorg/modules/drivers/vmware_drv.so
[  1762.212] (II) Module vmware: vendor="X.Org Foundation"
[  1762.212] 	compiled for 1.19.0, module version = 13.2.1
[  1762.212] 	Module class: X.Org Video Driver
[  1762.212] 	ABI class: X.Org Video Driver, version 23.0
[  1762.212] (II) LoadModule: "modesetting"
[  1762.212] (II) Loading /usr/lib/xorg/modules/drivers/modesetting_drv.so
[  1762.212] (II) Module modesetting: vendor="X.Org Foundation"
[  1762.212] 	compiled for 1.19.2, module version = 1.19.2
[  1762.212] 	Module class: X.Org Video Driver
[  1762.212] 	ABI class: X.Org Video Driver, version 23.0
[  1762.212] (II) LoadModule: "fbdev"
[  1762.212] (II) Loading /usr/lib/xorg/modules/drivers/fbdev_drv.so
[  1762.212] (II) Module fbdev: vendor="X.Org Foundation"
[  1762.212] 	compiled for 1.19.0, module version = 0.4.4
[  1762.212] 	Module class: X.Org Video Driver
[  1762.212] 	ABI class: X.Org Video Driver, version 23.0
[  1762.212] (II) LoadModule: "vesa"
[  1762.212] (II) Loading /usr/lib/xorg/modules/drivers/vesa_drv.so
[  1762.212] (II) Module vesa: vendor="X.Org Foundation"
[  1762.212] 	compiled for 1.19.0, module version = 2.3.4
[  1762.212] 	Module class: X.Org Video Driver
[  1762.212] 	ABI class: X.Org Video Driver, version 23.0
[  1762.212] (II) vmware: driver for VMware SVGA: vmware0405, vmware0710
[  1762.212] (II) modesetting: Driver for Modesetting Kernel Drivers: kms
[  1762.212] (II) FBDEV: driver for framebuffer: fbdev
[  1762.212] (II) VESA: driver for VESA chipsets: vesa
[  1762.212] xf86EnableIOPorts: failed to set IOPL for I/O (Operation not permitted)
[  1762.212] (WW) Falling back to old probe method for modesetting
[  1762.213] (WW) Falling back to old probe method for fbdev
[  1762.213] (II) Loading sub module "fbdevhw"
[  1762.213] (II) LoadModule: "fbdevhw"
[  1762.213] (II) Loading /usr/lib/xorg/modules/libfbdevhw.so
[  1762.213] (II) Module fbdevhw: vendor="X.Org Foundation"
[  1762.213] 	compiled for 1.19.2, module version = 0.0.2
[  1762.213] 	ABI class: X.Org Video Driver, version 23.0
[  1762.213] (WW) Falling back to old probe method for vesa
[  1762.213] (WW) VGA arbiter: cannot open kernel arbiter, no multi-card support
[  1762.213] (II) vmware(0): Creating default Display subsection in Screen section
	"Default Screen Section" for depth/fbbpp 24/32
[  1762.213] (--) vmware(0): DRM driver version is 2.12.0
[  1762.213] (==) vmware(0): Depth 24, (--) framebuffer bpp 32
[  1762.213] (==) vmware(0): RGB weight 888
[  1762.213] (==) vmware(0): Default visual is TrueColor
[  1762.213] (--) vmware(0): Min width 1, Max Width 4096.
[  1762.213] (--) vmware(0): Min height 1, Max Height 4096.
[  1762.213] (II) vmware(0): Output Virtual1 has no monitor section
[  1762.213] (II) vmware(0): Output Virtual2 has no monitor section
[  1762.213] (II) vmware(0): Output Virtual3 has no monitor section
[  1762.213] (II) vmware(0): Output Virtual4 has no monitor section
[  1762.213] (II) vmware(0): Output Virtual5 has no monitor section
[  1762.213] (II) vmware(0): Output Virtual6 has no monitor section
[  1762.213] (II) vmware(0): Output Virtual7 has no monitor section
[  1762.213] (II) vmware(0): Output Virtual8 has no monitor section
[  1762.213] (II) vmware(0): Printing probed modes for output Virtual1
[  1762.213] (II) vmware(0): Modeline "800x600"x60.0   42.75  800 850 900 950  600 650 700 750 -hsync +vsync (45.0 kHz eP)
[  1762.213] (II) vmware(0): Modeline "2560x1600"x60.0  348.50  2560 2752 3032 3504  1600 1603 1609 1658 -hsync +vsync (99.5 kHz e)
[  1762.213] (II) vmware(0): Modeline "1920x1440"x60.0  234.00  1920 2048 2256 2600  1440 1441 1444 1500 -hsync +vsync (90.0 kHz e)
[  1762.213] (II) vmware(0): Modeline "1856x1392"x60.0  218.25  1856 1952 2176 2528  1392 1393 1396 1439 -hsync +vsync (86.3 kHz e)
[  1762.213] (II) vmware(0): Modeline "1792x1344"x60.0  204.75  1792 1920 2120 2448  1344 1345 1348 1394 -hsync +vsync (83.6 kHz e)
[  1762.213] (II) vmware(0): Modeline "1920x1200"x59.9  193.25  1920 2056 2256 2592  1200 1203 1209 1245 -hsync +vsync (74.6 kHz e)
[  1762.213] (II) vmware(0): Modeline "1600x1200"x60.0  162.00  1600 1664 1856 2160  1200 1201 1204 1250 +hsync +vsync (75.0 kHz e)
[  1762.213] (II) vmware(0): Modeline "1680x1050"x60.0  146.25  1680 1784 1960 2240  1050 1053 1059 1089 -hsync +vsync (65.3 kHz e)
[  1762.213] (II) vmware(0): Modeline "1400x1050"x60.0  121.75  1400 1488 1632 1864  1050 1053 1057 1089 -hsync +vsync (65.3 kHz e)
[  1762.213] (II) vmware(0): Modeline "1280x1024"x60.0  108.00  1280 1328 1440 1688  1024 1025 1028 1066 +hsync +vsync (64.0 kHz e)
[  1762.213] (II) vmware(0): Modeline "1440x900"x59.9  106.50  1440 1520 1672 1904  900 903 909 934 -hsync +vsync (55.9 kHz e)
[  1762.213] (II) vmware(0): Modeline "1280x960"x60.0  108.00  1280 1376 1488 1800  960 961 964 1000 +hsync +vsync (60.0 kHz e)
[  1762.213] (II) vmware(0): Modeline "1360x768"x60.0   85.50  1360 1424 1536 1792  768 771 777 795 +hsync +vsync (47.7 kHz e)
[  1762.213] (II) vmware(0): Modeline "1280x800"x59.8   83.50  1280 1352 1480 1680  800 803 809 831 +hsync -vsync (49.7 kHz e)
[  1762.213] (II) vmware(0): Modeline "1152x864"x75.0  108.00  1152 1216 1344 1600  864 865 868 900 +hsync +vsync (67.5 kHz e)
[  1762.213] (II) vmware(0): Modeline "1280x768"x59.9   79.50  1280 1344 1472 1664  768 771 778 798 -hsync +vsync (47.8 kHz e)
[  1762.213] (II) vmware(0): Modeline "1024x768"x60.0   65.00  1024 1048 1184 1344  768 771 777 806 -hsync -vsync (48.4 kHz e)
[  1762.213] (II) vmware(0): Modeline "800x600"x60.3   40.00  800 840 968 1056  600 601 605 628 +hsync +vsync (37.9 kHz e)
[  1762.213] (II) vmware(0): Modeline "640x480"x59.9   25.18  640 656 752 800  480 489 492 525 -hsync -vsync (31.5 kHz e)
[  1762.213] (II) vmware(0): EDID for output Virtual2
[  1762.213] (II) vmware(0): EDID for output Virtual3
[  1762.213] (II) vmware(0): EDID for output Virtual4
[  1762.213] (II) vmware(0): EDID for output Virtual5
[  1762.213] (II) vmware(0): EDID for output Virtual6
[  1762.213] (II) vmware(0): EDID for output Virtual7
[  1762.213] (II) vmware(0): EDID for output Virtual8
[  1762.213] (II) vmware(0): Output Virtual1 connected
[  1762.213] (II) vmware(0): Output Virtual2 disconnected
[  1762.213] (II) vmware(0): Output Virtual3 disconnected
[  1762.213] (II) vmware(0): Output Virtual4 disconnected
[  1762.213] (II) vmware(0): Output Virtual5 disconnected
[  1762.213] (II) vmware(0): Output Virtual6 disconnected
[  1762.213] (II) vmware(0): Output Virtual7 disconnected
[  1762.213] (II) vmware(0): Output Virtual8 disconnected
[  1762.213] (II) vmware(0): Using exact sizes for initial modes
[  1762.213] (II) vmware(0): Output Virtual1 using initial mode 800x600 +0+0
[  1762.213] (==) vmware(0): DPI set to (96, 96)
[  1762.213] (==) vmware(0): Using gamma correction (1.0, 1.0, 1.0)
[  1762.213] (II) Loading sub module "fb"
[  1762.213] (II) LoadModule: "fb"
[  1762.213] (II) Loading /usr/lib/xorg/modules/libfb.so
[  1762.213] (II) Module fb: vendor="X.Org Foundation"
[  1762.213] 	compiled for 1.19.2, module version = 1.0.0
[  1762.213] 	ABI class: X.Org ANSI C Emulation, version 0.4
[  1762.214] (II) Loading sub module "dri2"
[  1762.214] (II) LoadModule: "dri2"
[  1762.214] (II) Module "dri2" already built-in
[  1762.214] (II) UnloadModule: "modesetting"
[  1762.214] (II) Unloading modesetting
[  1762.214] (II) UnloadModule: "fbdev"
[  1762.214] (II) Unloading fbdev
[  1762.214] (II) UnloadSubModule: "fbdevhw"
[  1762.214] (II) Unloading fbdevhw
[  1762.214] (II) UnloadModule: "vesa"
[  1762.214] (II) Unloading vesa
[  1762.214] (==) Depth 24 pixmap format is 32 bpp
[  1762.214] (II) vmware(0): Initialized VMWARE_CTRL extension version 0.2
[  1762.215] (WW) vmware(0): Failed to initialize Gallium3D Xa. No render acceleration available.
[  1762.215] (WW) vmware(0): Skipped initialization of direct rendering due to lack of render acceleration.
[  1762.215] (--) vmware(0): Render acceleration is disabled.
[  1762.215] (==) vmware(0): Rendercheck mode is disabled.
[  1762.215] (--) vmware(0): Direct rendering (3D) is disabled.
[  1762.215] (==) vmware(0): Backing store enabled
[  1762.215] (==) vmware(0): Silken mouse enabled
[  1762.215] (II) vmware(0): RandR 1.2 enabled, ignore the following RandR disabled message.
[  1762.215] (==) vmware(0): DPMS enabled
[  1762.215] (II) vmware(0): No 3D acceleration. Not setting up textured video.
[  1762.215] (--) RandR disabled
[  1762.217] (II) SELinux: Disabled on system
[  1762.217] (II) AIGLX: Screen 0 is not DRI2 capable
[  1762.217] (EE) AIGLX: reverting to software rendering
[  1762.218] (II) IGLX: enabled GLX_MESA_copy_sub_buffer
[  1762.218] (II) IGLX: Loaded and initialized swrast
[  1762.218] (II) GLX: Initialized DRISWRAST GL provider for screen 0
[  1762.220] (II) vmware(0): Setting screen physical size to 211 x 158
[  1762.245] (II) config/udev: Adding input device Power Button (/dev/input/event3)
[  1762.245] (**) Power Button: Applying InputClass "libinput keyboard catchall"
[  1762.245] (II) LoadModule: "libinput"
[  1762.245] (II) Loading /usr/lib/xorg/modules/input/libinput_drv.so
[  1762.247] (II) Module libinput: vendor="X.Org Foundation"
[  1762.247] 	compiled for 1.19.0, module version = 0.23.0
[  1762.247] 	Module class: X.Org XInput Driver
[  1762.247] 	ABI class: X.Org XInput driver, version 24.1
[  1762.247] (II) Using input driver 'libinput' for 'Power Button'
[  1762.248] (II) systemd-logind: got fd for /dev/input/event3 13:67 fd 23 paused 0
[  1762.248] (**) Power Button: always reports core events
[  1762.248] (**) Option "Device" "/dev/input/event3"
[  1762.248] (**) Option "_source" "server/udev"
[  1762.248] (II) input device 'Power Button', /dev/input/event3 is tagged by udev as: Keyboard
[  1762.248] (II) input device 'Power Button', /dev/input/event3 is a keyboard
[  1762.248] (**) Option "config_info" "udev:/sys/devices/LNXSYSTM:00/LNXPWRBN:00/input/input4/event3"
[  1762.248] (II) XINPUT: Adding extended input device "Power Button" (type: KEYBOARD, id 6)
[  1762.248] (**) Option "xkb_model" "pc105"
[  1762.248] (**) Option "xkb_layout" "us"
[  1762.249] (II) input device 'Power Button', /dev/input/event3 is tagged by udev as: Keyboard
[  1762.249] (II) input device 'Power Button', /dev/input/event3 is a keyboard
[  1762.252] (II) config/udev: Adding input device AT Translated Set 2 keyboard (/dev/input/event0)
[  1762.252] (**) AT Translated Set 2 keyboard: Applying InputClass "libinput keyboard catchall"
[  1762.252] (II) Using input driver 'libinput' for 'AT Translated Set 2 keyboard'
[  1762.253] (II) systemd-logind: got fd for /dev/input/event0 13:64 fd 26 paused 0
[  1762.253] (**) AT Translated Set 2 keyboard: always reports core events
[  1762.253] (**) Option "Device" "/dev/input/event0"
[  1762.253] (**) Option "_source" "server/udev"
[  1762.253] (II) input device 'AT Translated Set 2 keyboard', /dev/input/event0 is tagged by udev as: Keyboard
[  1762.253] (II) input device 'AT Translated Set 2 keyboard', /dev/input/event0 is a keyboard
[  1762.253] (**) Option "config_info" "udev:/sys/devices/platform/i8042/serio0/input/input0/event0"
[  1762.253] (II) XINPUT: Adding extended input device "AT Translated Set 2 keyboard" (type: KEYBOARD, id 7)
[  1762.253] (**) Option "xkb_model" "pc105"
[  1762.253] (**) Option "xkb_layout" "us"
[  1762.253] (II) input device 'AT Translated Set 2 keyboard', /dev/input/event0 is tagged by udev as: Keyboard
[  1762.253] (II) input device 'AT Translated Set 2 keyboard', /dev/input/event0 is a keyboard
[  1762.254] (II) config/udev: Adding input device VirtualPS/2 VMware VMMouse (/dev/input/event2)
[  1762.254] (**) VirtualPS/2 VMware VMMouse: Applying InputClass "libinput pointer catchall"
[  1762.254] (II) Using input driver 'libinput' for 'VirtualPS/2 VMware VMMouse'
[  1762.256] (II) systemd-logind: got fd for /dev/input/event2 13:66 fd 27 paused 0
[  1762.256] (**) VirtualPS/2 VMware VMMouse: always reports core events
[  1762.256] (**) Option "Device" "/dev/input/event2"
[  1762.256] (**) Option "_source" "server/udev"
[  1762.256] (II) input device 'VirtualPS/2 VMware VMMouse', /dev/input/event2 is tagged by udev as: Mouse
[  1762.256] (II) input device 'VirtualPS/2 VMware VMMouse', /dev/input/event2 is a pointer caps
[  1762.256] (**) Option "config_info" "udev:/sys/devices/platform/i8042/serio1/input/input2/event2"
[  1762.256] (II) XINPUT: Adding extended input device "VirtualPS/2 VMware VMMouse" (type: MOUSE, id 8)
[  1762.256] (**) Option "AccelerationScheme" "none"
[  1762.256] (**) VirtualPS/2 VMware VMMouse: (accel) selected scheme none/0
[  1762.256] (**) VirtualPS/2 VMware VMMouse: (accel) acceleration factor: 2.000
[  1762.256] (**) VirtualPS/2 VMware VMMouse: (accel) acceleration threshold: 4
[  1762.256] (II) input device 'VirtualPS/2 VMware VMMouse', /dev/input/event2 is tagged by udev as: Mouse
[  1762.256] (II) input device 'VirtualPS/2 VMware VMMouse', /dev/input/event2 is a pointer caps
[  1762.257] (II) config/udev: Adding input device VirtualPS/2 VMware VMMouse (/dev/input/mouse1)
[  1762.257] (II) No input driver specified, ignoring this device.
[  1762.257] (II) This device may have been added with another device file.
[  1762.257] (II) config/udev: Adding input device VirtualPS/2 VMware VMMouse (/dev/input/event1)
[  1762.257] (**) VirtualPS/2 VMware VMMouse: Applying InputClass "libinput pointer catchall"
[  1762.257] (II) Using input driver 'libinput' for 'VirtualPS/2 VMware VMMouse'
[  1762.261] (II) systemd-logind: got fd for /dev/input/event1 13:65 fd 28 paused 0
[  1762.261] (**) VirtualPS/2 VMware VMMouse: always reports core events
[  1762.261] (**) Option "Device" "/dev/input/event1"
[  1762.261] (**) Option "_source" "server/udev"
[  1762.261] (II) input device 'VirtualPS/2 VMware VMMouse', /dev/input/event1 is tagged by udev as: Mouse
[  1762.261] (II) input device 'VirtualPS/2 VMware VMMouse', /dev/input/event1 is a pointer caps
[  1762.261] (**) Option "config_info" "udev:/sys/devices/platform/i8042/serio1/input/input3/event1"
[  1762.261] (II) XINPUT: Adding extended input device "VirtualPS/2 VMware VMMouse" (type: MOUSE, id 9)
[  1762.261] (**) Option "AccelerationScheme" "none"
[  1762.261] (**) VirtualPS/2 VMware VMMouse: (accel) selected scheme none/0
[  1762.261] (**) VirtualPS/2 VMware VMMouse: (accel) acceleration factor: 2.000
[  1762.261] (**) VirtualPS/2 VMware VMMouse: (accel) acceleration threshold: 4
[  1762.261] (II) input device 'VirtualPS/2 VMware VMMouse', /dev/input/event1 is tagged by udev as: Mouse
[  1762.261] (II) input device 'VirtualPS/2 VMware VMMouse', /dev/input/event1 is a pointer caps
[  1762.261] (II) config/udev: Adding input device VirtualPS/2 VMware VMMouse (/dev/input/mouse0)
[  1762.261] (II) No input driver specified, ignoring this device.
[  1762.261] (II) This device may have been added with another device file.
[  1762.262] (II) config/udev: Adding input device PC Speaker (/dev/input/event4)
[  1762.262] (II) No input driver specified, ignoring this device.
[  1762.262] (II) This device may have been added with another device file.
[  1762.295] (EE) No surface to present from.
[  2623.119] (**) Option "fd" "23"
[  2623.119] (**) Option "fd" "26"
[  2623.120] (**) Option "fd" "27"
[  2623.120] (**) Option "fd" "28"
[  2623.120] (II) UnloadModule: "libinput"
[  2623.120] (II) systemd-logind: releasing fd for 13:65
[  2623.172] (II) UnloadModule: "libinput"
[  2623.172] (II) systemd-logind: releasing fd for 13:66
[  2623.192] (II) UnloadModule: "libinput"
[  2623.192] (II) systemd-logind: releasing fd for 13:64
[  2623.208] (II) UnloadModule: "libinput"
[  2623.208] (II) systemd-logind: releasing fd for 13:67
[  2623.224] (WW) xf86CloseConsole: KDSETMODE failed: Input/output error
[  2623.224] (WW) xf86CloseConsole: VT_GETMODE failed: Input/output error
[  2623.224] (WW) xf86CloseConsole: VT_ACTIVATE failed: Input/output error
[  2623.226] (II) Server terminated successfully (0). Closing log file.
